<?xml version="1.0" encoding="UTF-8"?>
<!-- Generated by org.testng.reporters.JUnitReportReporter -->
<testsuite hostname="narendras-air-2.lan" failures="0" tests="2" name="NgbEmailVerificationNew.NgbEmailVerificationTestcases" time="11.546" errors="0" timestamp="2021-06-13T12:39:12 PDT" skipped="0">
  <testcase classname="NgbEmailVerificationNew.NgbEmailVerificationTestcases" name="getLenderEmail" time="5.082"/>
  <system-out>
    <![CDATA[Actual Email Address >> josiah+mobiletest@himaxwell.com
]]>
  </system-out>
  <testcase classname="NgbEmailVerificationNew.NgbEmailVerificationTestcases" name="clickOnApplyNowAndVerifyLenderEmail" time="6.464"/>
  <system-out>
    <![CDATA[Actual Email Address in apply now method : >> josiah+mobiletest@himaxwell.com

Expected Email Address >> josiah+mobiletest@himaxwell.com

Email verified succesfully]]>
  </system-out>
</testsuite> <!-- NgbEmailVerificationNew.NgbEmailVerificationTestcases -->
